0 info it worked if it ends with ok
1 verbose cli [ '/usr/local/bin/node', '/usr/local/bin/npm', 'run', 'coverage' ]
2 info using npm@3.10.3
3 info using node@v6.5.0
4 verbose run-script [ 'precoverage', 'coverage', 'postcoverage' ]
5 info lifecycle Ricebook@1.1.0~precoverage: Ricebook@1.1.0
6 silly lifecycle Ricebook@1.1.0~precoverage: no script for precoverage, continuing
7 info lifecycle Ricebook@1.1.0~coverage: Ricebook@1.1.0
8 verbose lifecycle Ricebook@1.1.0~coverage: unsafe-perm in lifecycle true
9 verbose lifecycle Ricebook@1.1.0~coverage: PATH: /usr/local/lib/node_modules/npm/bin/node-gyp-bin:/Users/BBYmac/Softwares/github/COMP531/hw5/node_modules/.bin:/usr/local/bin:/opt/local/bin:/opt/local/sbin:/opt/local/bin:/opt/local/sbin:/opt/local/bin:/opt/local/sbin:/opt/local/bin:/opt/local/sbin:/usr/local/bin:/usr/bin:/bin:/usr/sbin:/sbin:/opt/X11/bin:/usr/local/bin/:.:/Users/BBYmac/programs/
10 verbose lifecycle Ricebook@1.1.0~coverage: CWD: /Users/BBYmac/Softwares/github/COMP531/hw5
11 silly lifecycle Ricebook@1.1.0~coverage: Args: [ '-c',
11 silly lifecycle   'isparta cover _mocha --config istanbul.yaml -- --opts mocha.opts \'src/**/*.spec.js\'' ]
12 silly lifecycle Ricebook@1.1.0~coverage: Returned: code: 1  signal: null
13 info lifecycle Ricebook@1.1.0~coverage: Failed to exec coverage script
14 verbose stack Error: Ricebook@1.1.0 coverage: `isparta cover _mocha --config istanbul.yaml -- --opts mocha.opts 'src/**/*.spec.js'`
14 verbose stack Exit status 1
14 verbose stack     at EventEmitter.<anonymous> (/usr/local/lib/node_modules/npm/lib/utils/lifecycle.js:242:16)
14 verbose stack     at emitTwo (events.js:106:13)
14 verbose stack     at EventEmitter.emit (events.js:191:7)
14 verbose stack     at ChildProcess.<anonymous> (/usr/local/lib/node_modules/npm/lib/utils/spawn.js:40:14)
14 verbose stack     at emitTwo (events.js:106:13)
14 verbose stack     at ChildProcess.emit (events.js:191:7)
14 verbose stack     at maybeClose (internal/child_process.js:877:16)
14 verbose stack     at Process.ChildProcess._handle.onexit (internal/child_process.js:226:5)
15 verbose pkgid Ricebook@1.1.0
16 verbose cwd /Users/BBYmac/Softwares/github/COMP531/hw5
17 error Darwin 15.6.0
18 error argv "/usr/local/bin/node" "/usr/local/bin/npm" "run" "coverage"
19 error node v6.5.0
20 error npm  v3.10.3
21 error code ELIFECYCLE
22 error Ricebook@1.1.0 coverage: `isparta cover _mocha --config istanbul.yaml -- --opts mocha.opts 'src/**/*.spec.js'`
22 error Exit status 1
23 error Failed at the Ricebook@1.1.0 coverage script 'isparta cover _mocha --config istanbul.yaml -- --opts mocha.opts 'src/**/*.spec.js''.
23 error Make sure you have the latest version of node.js and npm installed.
23 error If you do, this is most likely a problem with the Ricebook package,
23 error not with npm itself.
23 error Tell the author that this fails on your system:
23 error     isparta cover _mocha --config istanbul.yaml -- --opts mocha.opts 'src/**/*.spec.js'
23 error You can get information on how to open an issue for this project with:
23 error     npm bugs Ricebook
23 error Or if that isn't available, you can get their info via:
23 error     npm owner ls Ricebook
23 error There is likely additional logging output above.
24 verbose exit [ 1, true ]
